CRITICAL - 2023-09-21 10:34:23 --> syntax error, unexpected token "{", expecting "("
in APPPATH\Controllers\Home.php on line 12.
 1 SYSTEMPATH\Autoloader\Autoloader.php(285): CodeIgniter\Autoloader\Autoloader->includeFile('C:\\laragon\\www\\laboratory1_valdez3f1\\app\\Controllers\\Home.php')
 2 SYSTEMPATH\Autoloader\Autoloader.php(263): CodeIgniter\Autoloader\Autoloader->loadInNamespace('App\\Controllers\\Home')
 3 [internal function]: CodeIgniter\Autoloader\Autoloader->loadClass('App\\Controllers\\Home')
 4 SYSTEMPATH\CodeIgniter.php(877): class_exists('\\App\\Controllers\\Home', true)
 5 SYSTEMPATH\CodeIgniter.php(481): CodeIgniter\CodeIgniter->startController()
 6 SYSTEMPATH\CodeIgniter.php(353): CodeIgniter\CodeIgniter->handleRequest(null, Object(Config\Cache), false)
 7 FCPATH\index.php(79): CodeIgniter\CodeIgniter->run()
 8 SYSTEMPATH\Commands\Server\rewrite.php(47): require_once('C:\\laragon\\www\\laboratory1_valdez3f1\\public\\index.php')
CRITICAL - 2023-09-21 12:01:52 --> "App\Models\ProductCategoryModel" model class does not specify a Primary Key.
in SYSTEMPATH\Model.php on line 625.
 1 SYSTEMPATH\Model.php(625): CodeIgniter\Exceptions\ModelException::forNoPrimaryKey('App\\Models\\ProductCategoryModel')
 2 SYSTEMPATH\Model.php(230): CodeIgniter\Model->builder()
 3 SYSTEMPATH\BaseModel.php(624): CodeIgniter\Model->doFindAll(0, 0)
 4 APPPATH\Controllers\ProductController.php(28): CodeIgniter\BaseModel->findAll()
 5 SYSTEMPATH\CodeIgniter.php(919): App\Controllers\ProductController->shekinah()
 6 SYSTEMPATH\CodeIgniter.php(494): CodeIgniter\CodeIgniter->runController(Object(App\Controllers\ProductController))
 7 SYSTEMPATH\CodeIgniter.php(353): CodeIgniter\CodeIgniter->handleRequest(null, Object(Config\Cache), false)
 8 FCPATH\index.php(79): CodeIgniter\CodeIgniter->run()
 9 SYSTEMPATH\Commands\Server\rewrite.php(47): require_once('C:\\laragon\\www\\laboratory1_valdez3f1\\public\\index.php')
CRITICAL - 2023-09-21 12:09:51 --> syntax error, unexpected identifier "print_r", expecting "," or ";"
in APPPATH\Controllers\ProductController.php on line 31.
 1 SYSTEMPATH\Autoloader\Autoloader.php(285): CodeIgniter\Autoloader\Autoloader->includeFile('C:\\laragon\\www\\laboratory1_valdez3f1\\app\\Controllers\\ProductController.php')
 2 SYSTEMPATH\Autoloader\Autoloader.php(263): CodeIgniter\Autoloader\Autoloader->loadInNamespace('App\\Controllers\\ProductController')
 3 [internal function]: CodeIgniter\Autoloader\Autoloader->loadClass('App\\Controllers\\ProductController')
 4 SYSTEMPATH\CodeIgniter.php(877): class_exists('\\App\\Controllers\\ProductController', true)
 5 SYSTEMPATH\CodeIgniter.php(481): CodeIgniter\CodeIgniter->startController()
 6 SYSTEMPATH\CodeIgniter.php(353): CodeIgniter\CodeIgniter->handleRequest(null, Object(Config\Cache), false)
 7 FCPATH\index.php(79): CodeIgniter\CodeIgniter->run()
 8 SYSTEMPATH\Commands\Server\rewrite.php(47): require_once('C:\\laragon\\www\\laboratory1_valdez3f1\\public\\index.php')
CRITICAL - 2023-09-21 12:10:15 --> syntax error, unexpected identifier "print_r", expecting "," or ";"
in APPPATH\Controllers\ProductController.php on line 32.
 1 SYSTEMPATH\Autoloader\Autoloader.php(285): CodeIgniter\Autoloader\Autoloader->includeFile('C:\\laragon\\www\\laboratory1_valdez3f1\\app\\Controllers\\ProductController.php')
 2 SYSTEMPATH\Autoloader\Autoloader.php(263): CodeIgniter\Autoloader\Autoloader->loadInNamespace('App\\Controllers\\ProductController')
 3 [internal function]: CodeIgniter\Autoloader\Autoloader->loadClass('App\\Controllers\\ProductController')
 4 SYSTEMPATH\CodeIgniter.php(877): class_exists('\\App\\Controllers\\ProductController', true)
 5 SYSTEMPATH\CodeIgniter.php(481): CodeIgniter\CodeIgniter->startController()
 6 SYSTEMPATH\CodeIgniter.php(353): CodeIgniter\CodeIgniter->handleRequest(null, Object(Config\Cache), false)
 7 FCPATH\index.php(79): CodeIgniter\CodeIgniter->run()
 8 SYSTEMPATH\Commands\Server\rewrite.php(47): require_once('C:\\laragon\\www\\laboratory1_valdez3f1\\public\\index.php')
CRITICAL - 2023-09-21 12:10:16 --> syntax error, unexpected identifier "print_r", expecting "," or ";"
in APPPATH\Controllers\ProductController.php on line 32.
 1 SYSTEMPATH\Autoloader\Autoloader.php(285): CodeIgniter\Autoloader\Autoloader->includeFile('C:\\laragon\\www\\laboratory1_valdez3f1\\app\\Controllers\\ProductController.php')
 2 SYSTEMPATH\Autoloader\Autoloader.php(263): CodeIgniter\Autoloader\Autoloader->loadInNamespace('App\\Controllers\\ProductController')
 3 [internal function]: CodeIgniter\Autoloader\Autoloader->loadClass('App\\Controllers\\ProductController')
 4 SYSTEMPATH\CodeIgniter.php(877): class_exists('\\App\\Controllers\\ProductController', true)
 5 SYSTEMPATH\CodeIgniter.php(481): CodeIgniter\CodeIgniter->startController()
 6 SYSTEMPATH\CodeIgniter.php(353): CodeIgniter\CodeIgniter->handleRequest(null, Object(Config\Cache), false)
 7 FCPATH\index.php(79): CodeIgniter\CodeIgniter->run()
 8 SYSTEMPATH\Commands\Server\rewrite.php(47): require_once('C:\\laragon\\www\\laboratory1_valdez3f1\\public\\index.php')
CRITICAL - 2023-09-21 12:41:45 --> Undefined variable $product
in APPPATH\Views\products.php on line 18.
 1 APPPATH\Views\products.php(18): CodeIgniter\Debug\Exceptions->errorHandler(2, 'Undefined variable $product', 'C:\\laragon\\www\\laboratory1_valdez3f1\\app\\Views\\products.php', 18)
 2 SYSTEMPATH\View\View.php(226): include('C:\\laragon\\www\\laboratory1_valdez3f1\\app\\Views\\products.php')
 3 SYSTEMPATH\View\View.php(229): CodeIgniter\View\View->CodeIgniter\View\{closure}()
 4 SYSTEMPATH\Common.php(1188): CodeIgniter\View\View->render('products', [], true)
 5 APPPATH\Controllers\ProductController.php(30): view('products')
 6 SYSTEMPATH\CodeIgniter.php(919): App\Controllers\ProductController->shekinah()
 7 SYSTEMPATH\CodeIgniter.php(494): CodeIgniter\CodeIgniter->runController(Object(App\Controllers\ProductController))
 8 SYSTEMPATH\CodeIgniter.php(353): CodeIgniter\CodeIgniter->handleRequest(null, Object(Config\Cache), false)
 9 FCPATH\index.php(79): CodeIgniter\CodeIgniter->run()
10 SYSTEMPATH\Commands\Server\rewrite.php(47): require_once('C:\\laragon\\www\\laboratory1_valdez3f1\\public\\index.php')
CRITICAL - 2023-09-21 12:43:03 --> Undefined variable $product
in APPPATH\Views\products.php on line 18.
 1 APPPATH\Views\products.php(18): CodeIgniter\Debug\Exceptions->errorHandler(2, 'Undefined variable $product', 'C:\\laragon\\www\\laboratory1_valdez3f1\\app\\Views\\products.php', 18)
 2 SYSTEMPATH\View\View.php(226): include('C:\\laragon\\www\\laboratory1_valdez3f1\\app\\Views\\products.php')
 3 SYSTEMPATH\View\View.php(229): CodeIgniter\View\View->CodeIgniter\View\{closure}()
 4 SYSTEMPATH\Common.php(1188): CodeIgniter\View\View->render('products', [], true)
 5 APPPATH\Controllers\ProductController.php(30): view('products')
 6 SYSTEMPATH\CodeIgniter.php(919): App\Controllers\ProductController->shekinah()
 7 SYSTEMPATH\CodeIgniter.php(494): CodeIgniter\CodeIgniter->runController(Object(App\Controllers\ProductController))
 8 SYSTEMPATH\CodeIgniter.php(353): CodeIgniter\CodeIgniter->handleRequest(null, Object(Config\Cache), false)
 9 FCPATH\index.php(79): CodeIgniter\CodeIgniter->run()
10 SYSTEMPATH\Commands\Server\rewrite.php(47): require_once('C:\\laragon\\www\\laboratory1_valdez3f1\\public\\index.php')
CRITICAL - 2023-09-21 12:43:04 --> Undefined variable $product
in APPPATH\Views\products.php on line 18.
 1 APPPATH\Views\products.php(18): CodeIgniter\Debug\Exceptions->errorHandler(2, 'Undefined variable $product', 'C:\\laragon\\www\\laboratory1_valdez3f1\\app\\Views\\products.php', 18)
 2 SYSTEMPATH\View\View.php(226): include('C:\\laragon\\www\\laboratory1_valdez3f1\\app\\Views\\products.php')
 3 SYSTEMPATH\View\View.php(229): CodeIgniter\View\View->CodeIgniter\View\{closure}()
 4 SYSTEMPATH\Common.php(1188): CodeIgniter\View\View->render('products', [], true)
 5 APPPATH\Controllers\ProductController.php(30): view('products')
 6 SYSTEMPATH\CodeIgniter.php(919): App\Controllers\ProductController->shekinah()
 7 SYSTEMPATH\CodeIgniter.php(494): CodeIgniter\CodeIgniter->runController(Object(App\Controllers\ProductController))
 8 SYSTEMPATH\CodeIgniter.php(353): CodeIgniter\CodeIgniter->handleRequest(null, Object(Config\Cache), false)
 9 FCPATH\index.php(79): CodeIgniter\CodeIgniter->run()
10 SYSTEMPATH\Commands\Server\rewrite.php(47): require_once('C:\\laragon\\www\\laboratory1_valdez3f1\\public\\index.php')
CRITICAL - 2023-09-21 12:43:20 --> Undefined variable $product
in APPPATH\Views\products.php on line 18.
 1 APPPATH\Views\products.php(18): CodeIgniter\Debug\Exceptions->errorHandler(2, 'Undefined variable $product', 'C:\\laragon\\www\\laboratory1_valdez3f1\\app\\Views\\products.php', 18)
 2 SYSTEMPATH\View\View.php(226): include('C:\\laragon\\www\\laboratory1_valdez3f1\\app\\Views\\products.php')
 3 SYSTEMPATH\View\View.php(229): CodeIgniter\View\View->CodeIgniter\View\{closure}()
 4 SYSTEMPATH\Common.php(1188): CodeIgniter\View\View->render('products', [], true)
 5 APPPATH\Controllers\ProductController.php(30): view('products')
 6 SYSTEMPATH\CodeIgniter.php(919): App\Controllers\ProductController->shekinah()
 7 SYSTEMPATH\CodeIgniter.php(494): CodeIgniter\CodeIgniter->runController(Object(App\Controllers\ProductController))
 8 SYSTEMPATH\CodeIgniter.php(353): CodeIgniter\CodeIgniter->handleRequest(null, Object(Config\Cache), false)
 9 FCPATH\index.php(79): CodeIgniter\CodeIgniter->run()
10 SYSTEMPATH\Commands\Server\rewrite.php(47): require_once('C:\\laragon\\www\\laboratory1_valdez3f1\\public\\index.php')
CRITICAL - 2023-09-21 12:48:13 --> Undefined variable $product
in APPPATH\Views\products.php on line 38.
 1 APPPATH\Views\products.php(38): CodeIgniter\Debug\Exceptions->errorHandler(2, 'Undefined variable $product', 'C:\\laragon\\www\\laboratory1_valdez3f1\\app\\Views\\products.php', 38)
 2 SYSTEMPATH\View\View.php(226): include('C:\\laragon\\www\\laboratory1_valdez3f1\\app\\Views\\products.php')
 3 SYSTEMPATH\View\View.php(229): CodeIgniter\View\View->CodeIgniter\View\{closure}()
 4 SYSTEMPATH\Common.php(1188): CodeIgniter\View\View->render('products', [], true)
 5 APPPATH\Controllers\ProductController.php(30): view('products')
 6 SYSTEMPATH\CodeIgniter.php(919): App\Controllers\ProductController->shekinah()
 7 SYSTEMPATH\CodeIgniter.php(494): CodeIgniter\CodeIgniter->runController(Object(App\Controllers\ProductController))
 8 SYSTEMPATH\CodeIgniter.php(353): CodeIgniter\CodeIgniter->handleRequest(null, Object(Config\Cache), false)
 9 FCPATH\index.php(79): CodeIgniter\CodeIgniter->run()
10 SYSTEMPATH\Commands\Server\rewrite.php(47): require_once('C:\\laragon\\www\\laboratory1_valdez3f1\\public\\index.php')
CRITICAL - 2023-09-21 12:48:15 --> Undefined variable $product
in APPPATH\Views\products.php on line 38.
 1 APPPATH\Views\products.php(38): CodeIgniter\Debug\Exceptions->errorHandler(2, 'Undefined variable $product', 'C:\\laragon\\www\\laboratory1_valdez3f1\\app\\Views\\products.php', 38)
 2 SYSTEMPATH\View\View.php(226): include('C:\\laragon\\www\\laboratory1_valdez3f1\\app\\Views\\products.php')
 3 SYSTEMPATH\View\View.php(229): CodeIgniter\View\View->CodeIgniter\View\{closure}()
 4 SYSTEMPATH\Common.php(1188): CodeIgniter\View\View->render('products', [], true)
 5 APPPATH\Controllers\ProductController.php(30): view('products')
 6 SYSTEMPATH\CodeIgniter.php(919): App\Controllers\ProductController->shekinah()
 7 SYSTEMPATH\CodeIgniter.php(494): CodeIgniter\CodeIgniter->runController(Object(App\Controllers\ProductController))
 8 SYSTEMPATH\CodeIgniter.php(353): CodeIgniter\CodeIgniter->handleRequest(null, Object(Config\Cache), false)
 9 FCPATH\index.php(79): CodeIgniter\CodeIgniter->run()
10 SYSTEMPATH\Commands\Server\rewrite.php(47): require_once('C:\\laragon\\www\\laboratory1_valdez3f1\\public\\index.php')
CRITICAL - 2023-09-21 12:50:20 --> Undefined variable $product
in APPPATH\Views\products.php on line 38.
 1 APPPATH\Views\products.php(38): CodeIgniter\Debug\Exceptions->errorHandler(2, 'Undefined variable $product', 'C:\\laragon\\www\\laboratory1_valdez3f1\\app\\Views\\products.php', 38)
 2 SYSTEMPATH\View\View.php(226): include('C:\\laragon\\www\\laboratory1_valdez3f1\\app\\Views\\products.php')
 3 SYSTEMPATH\View\View.php(229): CodeIgniter\View\View->CodeIgniter\View\{closure}()
 4 SYSTEMPATH\Common.php(1188): CodeIgniter\View\View->render('products', [], true)
 5 APPPATH\Controllers\ProductController.php(30): view('products')
 6 SYSTEMPATH\CodeIgniter.php(919): App\Controllers\ProductController->shekinah()
 7 SYSTEMPATH\CodeIgniter.php(494): CodeIgniter\CodeIgniter->runController(Object(App\Controllers\ProductController))
 8 SYSTEMPATH\CodeIgniter.php(353): CodeIgniter\CodeIgniter->handleRequest(null, Object(Config\Cache), false)
 9 FCPATH\index.php(79): CodeIgniter\CodeIgniter->run()
10 SYSTEMPATH\Commands\Server\rewrite.php(47): require_once('C:\\laragon\\www\\laboratory1_valdez3f1\\public\\index.php')
CRITICAL - 2023-09-21 12:50:22 --> Undefined variable $product
in APPPATH\Views\products.php on line 38.
 1 APPPATH\Views\products.php(38): CodeIgniter\Debug\Exceptions->errorHandler(2, 'Undefined variable $product', 'C:\\laragon\\www\\laboratory1_valdez3f1\\app\\Views\\products.php', 38)
 2 SYSTEMPATH\View\View.php(226): include('C:\\laragon\\www\\laboratory1_valdez3f1\\app\\Views\\products.php')
 3 SYSTEMPATH\View\View.php(229): CodeIgniter\View\View->CodeIgniter\View\{closure}()
 4 SYSTEMPATH\Common.php(1188): CodeIgniter\View\View->render('products', [], true)
 5 APPPATH\Controllers\ProductController.php(30): view('products')
 6 SYSTEMPATH\CodeIgniter.php(919): App\Controllers\ProductController->shekinah()
 7 SYSTEMPATH\CodeIgniter.php(494): CodeIgniter\CodeIgniter->runController(Object(App\Controllers\ProductController))
 8 SYSTEMPATH\CodeIgniter.php(353): CodeIgniter\CodeIgniter->handleRequest(null, Object(Config\Cache), false)
 9 FCPATH\index.php(79): CodeIgniter\CodeIgniter->run()
10 SYSTEMPATH\Commands\Server\rewrite.php(47): require_once('C:\\laragon\\www\\laboratory1_valdez3f1\\public\\index.php')
CRITICAL - 2023-09-21 12:52:07 --> Undefined variable $product
in APPPATH\Views\products.php on line 39.
 1 APPPATH\Views\products.php(39): CodeIgniter\Debug\Exceptions->errorHandler(2, 'Undefined variable $product', 'C:\\laragon\\www\\laboratory1_valdez3f1\\app\\Views\\products.php', 39)
 2 SYSTEMPATH\View\View.php(226): include('C:\\laragon\\www\\laboratory1_valdez3f1\\app\\Views\\products.php')
 3 SYSTEMPATH\View\View.php(229): CodeIgniter\View\View->CodeIgniter\View\{closure}()
 4 SYSTEMPATH\Common.php(1188): CodeIgniter\View\View->render('products', [], true)
 5 APPPATH\Controllers\ProductController.php(30): view('products')
 6 SYSTEMPATH\CodeIgniter.php(919): App\Controllers\ProductController->shekinah()
 7 SYSTEMPATH\CodeIgniter.php(494): CodeIgniter\CodeIgniter->runController(Object(App\Controllers\ProductController))
 8 SYSTEMPATH\CodeIgniter.php(353): CodeIgniter\CodeIgniter->handleRequest(null, Object(Config\Cache), false)
 9 FCPATH\index.php(79): CodeIgniter\CodeIgniter->run()
10 SYSTEMPATH\Commands\Server\rewrite.php(47): require_once('C:\\laragon\\www\\laboratory1_valdez3f1\\public\\index.php')
CRITICAL - 2023-09-21 12:53:09 --> Undefined variable $product
in APPPATH\Views\products.php on line 39.
 1 APPPATH\Views\products.php(39): CodeIgniter\Debug\Exceptions->errorHandler(2, 'Undefined variable $product', 'C:\\laragon\\www\\laboratory1_valdez3f1\\app\\Views\\products.php', 39)
 2 SYSTEMPATH\View\View.php(226): include('C:\\laragon\\www\\laboratory1_valdez3f1\\app\\Views\\products.php')
 3 SYSTEMPATH\View\View.php(229): CodeIgniter\View\View->CodeIgniter\View\{closure}()
 4 SYSTEMPATH\Common.php(1188): CodeIgniter\View\View->render('products', [], true)
 5 APPPATH\Controllers\ProductController.php(30): view('products')
 6 SYSTEMPATH\CodeIgniter.php(919): App\Controllers\ProductController->shekinah()
 7 SYSTEMPATH\CodeIgniter.php(494): CodeIgniter\CodeIgniter->runController(Object(App\Controllers\ProductController))
 8 SYSTEMPATH\CodeIgniter.php(353): CodeIgniter\CodeIgniter->handleRequest(null, Object(Config\Cache), false)
 9 FCPATH\index.php(79): CodeIgniter\CodeIgniter->run()
10 SYSTEMPATH\Commands\Server\rewrite.php(47): require_once('C:\\laragon\\www\\laboratory1_valdez3f1\\public\\index.php')
CRITICAL - 2023-09-21 12:54:25 --> Undefined variable $product
in APPPATH\Views\products.php on line 39.
 1 APPPATH\Views\products.php(39): CodeIgniter\Debug\Exceptions->errorHandler(2, 'Undefined variable $product', 'C:\\laragon\\www\\laboratory1_valdez3f1\\app\\Views\\products.php', 39)
 2 SYSTEMPATH\View\View.php(226): include('C:\\laragon\\www\\laboratory1_valdez3f1\\app\\Views\\products.php')
 3 SYSTEMPATH\View\View.php(229): CodeIgniter\View\View->CodeIgniter\View\{closure}()
 4 SYSTEMPATH\Common.php(1188): CodeIgniter\View\View->render('products', [], true)
 5 APPPATH\Controllers\ProductController.php(30): view('products')
 6 SYSTEMPATH\CodeIgniter.php(919): App\Controllers\ProductController->shekinah()
 7 SYSTEMPATH\CodeIgniter.php(494): CodeIgniter\CodeIgniter->runController(Object(App\Controllers\ProductController))
 8 SYSTEMPATH\CodeIgniter.php(353): CodeIgniter\CodeIgniter->handleRequest(null, Object(Config\Cache), false)
 9 FCPATH\index.php(79): CodeIgniter\CodeIgniter->run()
10 SYSTEMPATH\Commands\Server\rewrite.php(47): require_once('C:\\laragon\\www\\laboratory1_valdez3f1\\public\\index.php')
CRITICAL - 2023-09-21 12:54:27 --> Undefined variable $product
in APPPATH\Views\products.php on line 39.
 1 APPPATH\Views\products.php(39): CodeIgniter\Debug\Exceptions->errorHandler(2, 'Undefined variable $product', 'C:\\laragon\\www\\laboratory1_valdez3f1\\app\\Views\\products.php', 39)
 2 SYSTEMPATH\View\View.php(226): include('C:\\laragon\\www\\laboratory1_valdez3f1\\app\\Views\\products.php')
 3 SYSTEMPATH\View\View.php(229): CodeIgniter\View\View->CodeIgniter\View\{closure}()
 4 SYSTEMPATH\Common.php(1188): CodeIgniter\View\View->render('products', [], true)
 5 APPPATH\Controllers\ProductController.php(30): view('products')
 6 SYSTEMPATH\CodeIgniter.php(919): App\Controllers\ProductController->shekinah()
 7 SYSTEMPATH\CodeIgniter.php(494): CodeIgniter\CodeIgniter->runController(Object(App\Controllers\ProductController))
 8 SYSTEMPATH\CodeIgniter.php(353): CodeIgniter\CodeIgniter->handleRequest(null, Object(Config\Cache), false)
 9 FCPATH\index.php(79): CodeIgniter\CodeIgniter->run()
10 SYSTEMPATH\Commands\Server\rewrite.php(47): require_once('C:\\laragon\\www\\laboratory1_valdez3f1\\public\\index.php')
CRITICAL - 2023-09-21 12:54:38 --> Undefined variable $products
in APPPATH\Views\products.php on line 39.
 1 APPPATH\Views\products.php(39): CodeIgniter\Debug\Exceptions->errorHandler(2, 'Undefined variable $products', 'C:\\laragon\\www\\laboratory1_valdez3f1\\app\\Views\\products.php', 39)
 2 SYSTEMPATH\View\View.php(226): include('C:\\laragon\\www\\laboratory1_valdez3f1\\app\\Views\\products.php')
 3 SYSTEMPATH\View\View.php(229): CodeIgniter\View\View->CodeIgniter\View\{closure}()
 4 SYSTEMPATH\Common.php(1188): CodeIgniter\View\View->render('products', [], true)
 5 APPPATH\Controllers\ProductController.php(30): view('products')
 6 SYSTEMPATH\CodeIgniter.php(919): App\Controllers\ProductController->shekinah()
 7 SYSTEMPATH\CodeIgniter.php(494): CodeIgniter\CodeIgniter->runController(Object(App\Controllers\ProductController))
 8 SYSTEMPATH\CodeIgniter.php(353): CodeIgniter\CodeIgniter->handleRequest(null, Object(Config\Cache), false)
 9 FCPATH\index.php(79): CodeIgniter\CodeIgniter->run()
10 SYSTEMPATH\Commands\Server\rewrite.php(47): require_once('C:\\laragon\\www\\laboratory1_valdez3f1\\public\\index.php')
CRITICAL - 2023-09-21 12:55:06 --> Undefined variable $productmodel
in APPPATH\Views\products.php on line 39.
 1 APPPATH\Views\products.php(39): CodeIgniter\Debug\Exceptions->errorHandler(2, 'Undefined variable $productmodel', 'C:\\laragon\\www\\laboratory1_valdez3f1\\app\\Views\\products.php', 39)
 2 SYSTEMPATH\View\View.php(226): include('C:\\laragon\\www\\laboratory1_valdez3f1\\app\\Views\\products.php')
 3 SYSTEMPATH\View\View.php(229): CodeIgniter\View\View->CodeIgniter\View\{closure}()
 4 SYSTEMPATH\Common.php(1188): CodeIgniter\View\View->render('products', [], true)
 5 APPPATH\Controllers\ProductController.php(30): view('products')
 6 SYSTEMPATH\CodeIgniter.php(919): App\Controllers\ProductController->shekinah()
 7 SYSTEMPATH\CodeIgniter.php(494): CodeIgniter\CodeIgniter->runController(Object(App\Controllers\ProductController))
 8 SYSTEMPATH\CodeIgniter.php(353): CodeIgniter\CodeIgniter->handleRequest(null, Object(Config\Cache), false)
 9 FCPATH\index.php(79): CodeIgniter\CodeIgniter->run()
10 SYSTEMPATH\Commands\Server\rewrite.php(47): require_once('C:\\laragon\\www\\laboratory1_valdez3f1\\public\\index.php')
CRITICAL - 2023-09-21 12:55:14 --> Undefined variable $product1
in APPPATH\Views\products.php on line 39.
 1 APPPATH\Views\products.php(39): CodeIgniter\Debug\Exceptions->errorHandler(2, 'Undefined variable $product1', 'C:\\laragon\\www\\laboratory1_valdez3f1\\app\\Views\\products.php', 39)
 2 SYSTEMPATH\View\View.php(226): include('C:\\laragon\\www\\laboratory1_valdez3f1\\app\\Views\\products.php')
 3 SYSTEMPATH\View\View.php(229): CodeIgniter\View\View->CodeIgniter\View\{closure}()
 4 SYSTEMPATH\Common.php(1188): CodeIgniter\View\View->render('products', [], true)
 5 APPPATH\Controllers\ProductController.php(30): view('products')
 6 SYSTEMPATH\CodeIgniter.php(919): App\Controllers\ProductController->shekinah()
 7 SYSTEMPATH\CodeIgniter.php(494): CodeIgniter\CodeIgniter->runController(Object(App\Controllers\ProductController))
 8 SYSTEMPATH\CodeIgniter.php(353): CodeIgniter\CodeIgniter->handleRequest(null, Object(Config\Cache), false)
 9 FCPATH\index.php(79): CodeIgniter\CodeIgniter->run()
10 SYSTEMPATH\Commands\Server\rewrite.php(47): require_once('C:\\laragon\\www\\laboratory1_valdez3f1\\public\\index.php')
CRITICAL - 2023-09-21 12:55:24 --> Undefined variable $product
in APPPATH\Views\products.php on line 39.
 1 APPPATH\Views\products.php(39): CodeIgniter\Debug\Exceptions->errorHandler(2, 'Undefined variable $product', 'C:\\laragon\\www\\laboratory1_valdez3f1\\app\\Views\\products.php', 39)
 2 SYSTEMPATH\View\View.php(226): include('C:\\laragon\\www\\laboratory1_valdez3f1\\app\\Views\\products.php')
 3 SYSTEMPATH\View\View.php(229): CodeIgniter\View\View->CodeIgniter\View\{closure}()
 4 SYSTEMPATH\Common.php(1188): CodeIgniter\View\View->render('products', [], true)
 5 APPPATH\Controllers\ProductController.php(30): view('products')
 6 SYSTEMPATH\CodeIgniter.php(919): App\Controllers\ProductController->shekinah()
 7 SYSTEMPATH\CodeIgniter.php(494): CodeIgniter\CodeIgniter->runController(Object(App\Controllers\ProductController))
 8 SYSTEMPATH\CodeIgniter.php(353): CodeIgniter\CodeIgniter->handleRequest(null, Object(Config\Cache), false)
 9 FCPATH\index.php(79): CodeIgniter\CodeIgniter->run()
10 SYSTEMPATH\Commands\Server\rewrite.php(47): require_once('C:\\laragon\\www\\laboratory1_valdez3f1\\public\\index.php')
CRITICAL - 2023-09-21 12:57:04 --> Undefined variable $product
in APPPATH\Views\products.php on line 39.
 1 APPPATH\Views\products.php(39): CodeIgniter\Debug\Exceptions->errorHandler(2, 'Undefined variable $product', 'C:\\laragon\\www\\laboratory1_valdez3f1\\app\\Views\\products.php', 39)
 2 SYSTEMPATH\View\View.php(226): include('C:\\laragon\\www\\laboratory1_valdez3f1\\app\\Views\\products.php')
 3 SYSTEMPATH\View\View.php(229): CodeIgniter\View\View->CodeIgniter\View\{closure}()
 4 SYSTEMPATH\Common.php(1188): CodeIgniter\View\View->render('products', [], true)
 5 APPPATH\Controllers\ProductController.php(30): view('products')
 6 SYSTEMPATH\CodeIgniter.php(919): App\Controllers\ProductController->shekinah()
 7 SYSTEMPATH\CodeIgniter.php(494): CodeIgniter\CodeIgniter->runController(Object(App\Controllers\ProductController))
 8 SYSTEMPATH\CodeIgniter.php(353): CodeIgniter\CodeIgniter->handleRequest(null, Object(Config\Cache), false)
 9 FCPATH\index.php(79): CodeIgniter\CodeIgniter->run()
10 SYSTEMPATH\Commands\Server\rewrite.php(47): require_once('C:\\laragon\\www\\laboratory1_valdez3f1\\public\\index.php')
CRITICAL - 2023-09-21 12:57:05 --> Undefined variable $product
in APPPATH\Views\products.php on line 39.
 1 APPPATH\Views\products.php(39): CodeIgniter\Debug\Exceptions->errorHandler(2, 'Undefined variable $product', 'C:\\laragon\\www\\laboratory1_valdez3f1\\app\\Views\\products.php', 39)
 2 SYSTEMPATH\View\View.php(226): include('C:\\laragon\\www\\laboratory1_valdez3f1\\app\\Views\\products.php')
 3 SYSTEMPATH\View\View.php(229): CodeIgniter\View\View->CodeIgniter\View\{closure}()
 4 SYSTEMPATH\Common.php(1188): CodeIgniter\View\View->render('products', [], true)
 5 APPPATH\Controllers\ProductController.php(30): view('products')
 6 SYSTEMPATH\CodeIgniter.php(919): App\Controllers\ProductController->shekinah()
 7 SYSTEMPATH\CodeIgniter.php(494): CodeIgniter\CodeIgniter->runController(Object(App\Controllers\ProductController))
 8 SYSTEMPATH\CodeIgniter.php(353): CodeIgniter\CodeIgniter->handleRequest(null, Object(Config\Cache), false)
 9 FCPATH\index.php(79): CodeIgniter\CodeIgniter->run()
10 SYSTEMPATH\Commands\Server\rewrite.php(47): require_once('C:\\laragon\\www\\laboratory1_valdez3f1\\public\\index.php')
CRITICAL - 2023-09-21 12:58:42 --> Undefined array key "ProductCategory"
in APPPATH\Views\products.php on line 19.
 1 APPPATH\Views\products.php(19): CodeIgniter\Debug\Exceptions->errorHandler(2, 'Undefined array key "ProductCategory"', 'C:\\laragon\\www\\laboratory1_valdez3f1\\app\\Views\\products.php', 19)
 2 SYSTEMPATH\View\View.php(226): include('C:\\laragon\\www\\laboratory1_valdez3f1\\app\\Views\\products.php')
 3 SYSTEMPATH\View\View.php(229): CodeIgniter\View\View->CodeIgniter\View\{closure}()
 4 SYSTEMPATH\Common.php(1188): CodeIgniter\View\View->render('products', [], true)
 5 APPPATH\Controllers\ProductController.php(30): view('products', [...])
 6 SYSTEMPATH\CodeIgniter.php(919): App\Controllers\ProductController->shekinah()
 7 SYSTEMPATH\CodeIgniter.php(494): CodeIgniter\CodeIgniter->runController(Object(App\Controllers\ProductController))
 8 SYSTEMPATH\CodeIgniter.php(353): CodeIgniter\CodeIgniter->handleRequest(null, Object(Config\Cache), false)
 9 FCPATH\index.php(79): CodeIgniter\CodeIgniter->run()
10 SYSTEMPATH\Commands\Server\rewrite.php(47): require_once('C:\\laragon\\www\\laboratory1_valdez3f1\\public\\index.php')
CRITICAL - 2023-09-21 13:07:54 --> syntax error, unexpected token "}", expecting ";"
in APPPATH\Controllers\ProductController.php on line 31.
 1 SYSTEMPATH\Autoloader\Autoloader.php(285): CodeIgniter\Autoloader\Autoloader->includeFile('C:\\laragon\\www\\laboratory1_valdez3f1\\app\\Controllers\\ProductController.php')
 2 SYSTEMPATH\Autoloader\Autoloader.php(263): CodeIgniter\Autoloader\Autoloader->loadInNamespace('App\\Controllers\\ProductController')
 3 [internal function]: CodeIgniter\Autoloader\Autoloader->loadClass('App\\Controllers\\ProductController')
 4 SYSTEMPATH\CodeIgniter.php(877): class_exists('\\App\\Controllers\\ProductController', true)
 5 SYSTEMPATH\CodeIgniter.php(481): CodeIgniter\CodeIgniter->startController()
 6 SYSTEMPATH\CodeIgniter.php(353): CodeIgniter\CodeIgniter->handleRequest(null, Object(Config\Cache), false)
 7 FCPATH\index.php(79): CodeIgniter\CodeIgniter->run()
 8 SYSTEMPATH\Commands\Server\rewrite.php(47): require_once('C:\\laragon\\www\\laboratory1_valdez3f1\\public\\index.php')
CRITICAL - 2023-09-21 13:08:08 --> Undefined property: App\Controllers\ProductController::$students
in APPPATH\Controllers\ProductController.php on line 43.
 1 APPPATH\Controllers\ProductController.php(43): CodeIgniter\Debug\Exceptions->errorHandler(2, 'Undefined property: App\\Controllers\\ProductController::$students', 'C:\\laragon\\www\\laboratory1_valdez3f1\\app\\Controllers\\ProductController.php', 43)
 2 SYSTEMPATH\CodeIgniter.php(919): App\Controllers\ProductController->shekinah()
 3 SYSTEMPATH\CodeIgniter.php(494): CodeIgniter\CodeIgniter->runController(Object(App\Controllers\ProductController))
 4 SYSTEMPATH\CodeIgniter.php(353): CodeIgniter\CodeIgniter->handleRequest(null, Object(Config\Cache), false)
 5 FCPATH\index.php(79): CodeIgniter\CodeIgniter->run()
 6 SYSTEMPATH\Commands\Server\rewrite.php(47): require_once('C:\\laragon\\www\\laboratory1_valdez3f1\\public\\index.php')
CRITICAL - 2023-09-21 13:09:32 --> Undefined array key "ProductCategory"
in APPPATH\Views\products.php on line 19.
 1 APPPATH\Views\products.php(19): CodeIgniter\Debug\Exceptions->errorHandler(2, 'Undefined array key "ProductCategory"', 'C:\\laragon\\www\\laboratory1_valdez3f1\\app\\Views\\products.php', 19)
 2 SYSTEMPATH\View\View.php(226): include('C:\\laragon\\www\\laboratory1_valdez3f1\\app\\Views\\products.php')
 3 SYSTEMPATH\View\View.php(229): CodeIgniter\View\View->CodeIgniter\View\{closure}()
 4 SYSTEMPATH\Common.php(1188): CodeIgniter\View\View->render('products', [], true)
 5 APPPATH\Controllers\ProductController.php(44): view('products', [...])
 6 SYSTEMPATH\CodeIgniter.php(919): App\Controllers\ProductController->shekinah()
 7 SYSTEMPATH\CodeIgniter.php(494): CodeIgniter\CodeIgniter->runController(Object(App\Controllers\ProductController))
 8 SYSTEMPATH\CodeIgniter.php(353): CodeIgniter\CodeIgniter->handleRequest(null, Object(Config\Cache), false)
 9 FCPATH\index.php(79): CodeIgniter\CodeIgniter->run()
10 SYSTEMPATH\Commands\Server\rewrite.php(47): require_once('C:\\laragon\\www\\laboratory1_valdez3f1\\public\\index.php')
CRITICAL - 2023-09-21 13:09:34 --> Undefined array key "ProductCategory"
in APPPATH\Views\products.php on line 19.
 1 APPPATH\Views\products.php(19): CodeIgniter\Debug\Exceptions->errorHandler(2, 'Undefined array key "ProductCategory"', 'C:\\laragon\\www\\laboratory1_valdez3f1\\app\\Views\\products.php', 19)
 2 SYSTEMPATH\View\View.php(226): include('C:\\laragon\\www\\laboratory1_valdez3f1\\app\\Views\\products.php')
 3 SYSTEMPATH\View\View.php(229): CodeIgniter\View\View->CodeIgniter\View\{closure}()
 4 SYSTEMPATH\Common.php(1188): CodeIgniter\View\View->render('products', [], true)
 5 APPPATH\Controllers\ProductController.php(44): view('products', [...])
 6 SYSTEMPATH\CodeIgniter.php(919): App\Controllers\ProductController->shekinah()
 7 SYSTEMPATH\CodeIgniter.php(494): CodeIgniter\CodeIgniter->runController(Object(App\Controllers\ProductController))
 8 SYSTEMPATH\CodeIgniter.php(353): CodeIgniter\CodeIgniter->handleRequest(null, Object(Config\Cache), false)
 9 FCPATH\index.php(79): CodeIgniter\CodeIgniter->run()
10 SYSTEMPATH\Commands\Server\rewrite.php(47): require_once('C:\\laragon\\www\\laboratory1_valdez3f1\\public\\index.php')
CRITICAL - 2023-09-21 13:09:51 --> Undefined array key "ProductCategory"
in APPPATH\Views\products.php on line 19.
 1 APPPATH\Views\products.php(19): CodeIgniter\Debug\Exceptions->errorHandler(2, 'Undefined array key "ProductCategory"', 'C:\\laragon\\www\\laboratory1_valdez3f1\\app\\Views\\products.php', 19)
 2 SYSTEMPATH\View\View.php(226): include('C:\\laragon\\www\\laboratory1_valdez3f1\\app\\Views\\products.php')
 3 SYSTEMPATH\View\View.php(229): CodeIgniter\View\View->CodeIgniter\View\{closure}()
 4 SYSTEMPATH\Common.php(1188): CodeIgniter\View\View->render('products', [], true)
 5 APPPATH\Controllers\ProductController.php(44): view('products', [...])
 6 SYSTEMPATH\CodeIgniter.php(919): App\Controllers\ProductController->shekinah()
 7 SYSTEMPATH\CodeIgniter.php(494): CodeIgniter\CodeIgniter->runController(Object(App\Controllers\ProductController))
 8 SYSTEMPATH\CodeIgniter.php(353): CodeIgniter\CodeIgniter->handleRequest(null, Object(Config\Cache), false)
 9 FCPATH\index.php(79): CodeIgniter\CodeIgniter->run()
10 SYSTEMPATH\Commands\Server\rewrite.php(47): require_once('C:\\laragon\\www\\laboratory1_valdez3f1\\public\\index.php')
CRITICAL - 2023-09-21 13:28:29 --> Undefined property: App\Controllers\ProductController::$product
in APPPATH\Controllers\ProductController.php on line 29.
 1 APPPATH\Controllers\ProductController.php(29): CodeIgniter\Debug\Exceptions->errorHandler(2, 'Undefined property: App\\Controllers\\ProductController::$product', 'C:\\laragon\\www\\laboratory1_valdez3f1\\app\\Controllers\\ProductController.php', 29)
 2 SYSTEMPATH\CodeIgniter.php(919): App\Controllers\ProductController->save()
 3 SYSTEMPATH\CodeIgniter.php(494): CodeIgniter\CodeIgniter->runController(Object(App\Controllers\ProductController))
 4 SYSTEMPATH\CodeIgniter.php(353): CodeIgniter\CodeIgniter->handleRequest(null, Object(Config\Cache), false)
 5 FCPATH\index.php(79): CodeIgniter\CodeIgniter->run()
 6 SYSTEMPATH\Commands\Server\rewrite.php(47): require_once('C:\\laragon\\www\\laboratory1_valdez3f1\\public\\index.php')
CRITICAL - 2023-09-21 13:29:13 --> Undefined property: App\Controllers\ProductController::$product
in APPPATH\Controllers\ProductController.php on line 29.
 1 APPPATH\Controllers\ProductController.php(29): CodeIgniter\Debug\Exceptions->errorHandler(2, 'Undefined property: App\\Controllers\\ProductController::$product', 'C:\\laragon\\www\\laboratory1_valdez3f1\\app\\Controllers\\ProductController.php', 29)
 2 SYSTEMPATH\CodeIgniter.php(919): App\Controllers\ProductController->save()
 3 SYSTEMPATH\CodeIgniter.php(494): CodeIgniter\CodeIgniter->runController(Object(App\Controllers\ProductController))
 4 SYSTEMPATH\CodeIgniter.php(353): CodeIgniter\CodeIgniter->handleRequest(null, Object(Config\Cache), false)
 5 FCPATH\index.php(79): CodeIgniter\CodeIgniter->run()
 6 SYSTEMPATH\Commands\Server\rewrite.php(47): require_once('C:\\laragon\\www\\laboratory1_valdez3f1\\public\\index.php')
ERROR - 2023-09-21 13:32:43 --> mysqli_sql_exception: Duplicate entry '0' for key 'table_products.PRIMARY' in C:\laragon\www\laboratory1_valdez3f1\system\Database\MySQLi\Connection.php:306
Stack trace:
#0 C:\laragon\www\laboratory1_valdez3f1\system\Database\MySQLi\Connection.php(306): mysqli->query('INSERT INTO `ta...', 0)
#1 C:\laragon\www\laboratory1_valdez3f1\system\Database\BaseConnection.php(692): CodeIgniter\Database\MySQLi\Connection->execute('INSERT INTO `ta...')
#2 C:\laragon\www\laboratory1_valdez3f1\system\Database\BaseConnection.php(606): CodeIgniter\Database\BaseConnection->simpleQuery('INSERT INTO `ta...')
#3 C:\laragon\www\laboratory1_valdez3f1\system\Database\BaseBuilder.php(2308): CodeIgniter\Database\BaseConnection->query('INSERT INTO `ta...', Array, false)
#4 C:\laragon\www\laboratory1_valdez3f1\system\Model.php(319): CodeIgniter\Database\BaseBuilder->insert()
#5 C:\laragon\www\laboratory1_valdez3f1\system\BaseModel.php(788): CodeIgniter\Model->doInsert(Array)
#6 C:\laragon\www\laboratory1_valdez3f1\system\Model.php(715): CodeIgniter\BaseModel->insert(Array, false)
#7 C:\laragon\www\laboratory1_valdez3f1\system\BaseModel.php(698): CodeIgniter\Model->insert(Array, false)
#8 C:\laragon\www\laboratory1_valdez3f1\app\Controllers\ProductController.php(29): CodeIgniter\BaseModel->save(Array)
#9 C:\laragon\www\laboratory1_valdez3f1\system\CodeIgniter.php(919): App\Controllers\ProductController->save()
#10 C:\laragon\www\laboratory1_valdez3f1\system\CodeIgniter.php(494): CodeIgniter\CodeIgniter->runController(Object(App\Controllers\ProductController))
#11 C:\laragon\www\laboratory1_valdez3f1\system\CodeIgniter.php(353): CodeIgniter\CodeIgniter->handleRequest(NULL, Object(Config\Cache), false)
#12 C:\laragon\www\laboratory1_valdez3f1\public\index.php(79): CodeIgniter\CodeIgniter->run()
#13 C:\laragon\www\laboratory1_valdez3f1\system\Commands\Server\rewrite.php(47): require_once('C:\\laragon\\www\\...')
#14 {main}
CRITICAL - 2023-09-21 13:32:43 --> Duplicate entry '0' for key 'table_products.PRIMARY'
in SYSTEMPATH\Database\BaseConnection.php on line 646.
 1 SYSTEMPATH\Database\BaseBuilder.php(2308): CodeIgniter\Database\BaseConnection->query('INSERT INTO `table_products` (`ProductName`, `ProductDescription`, `ProductCategory`, `ProductQuantity`, `ProductPrice`) VALUES (:ProductName:, :ProductDescription:, :ProductCategory:, :ProductQuantity:, :ProductPrice:)', [...], false)
 2 SYSTEMPATH\Model.php(319): CodeIgniter\Database\BaseBuilder->insert()
 3 SYSTEMPATH\BaseModel.php(788): CodeIgniter\Model->doInsert([...])
 4 SYSTEMPATH\Model.php(715): CodeIgniter\BaseModel->insert([...], false)
 5 SYSTEMPATH\BaseModel.php(698): CodeIgniter\Model->insert([...], false)
 6 APPPATH\Controllers\ProductController.php(29): CodeIgniter\BaseModel->save([...])
 7 SYSTEMPATH\CodeIgniter.php(919): App\Controllers\ProductController->save()
 8 SYSTEMPATH\CodeIgniter.php(494): CodeIgniter\CodeIgniter->runController(Object(App\Controllers\ProductController))
 9 SYSTEMPATH\CodeIgniter.php(353): CodeIgniter\CodeIgniter->handleRequest(null, Object(Config\Cache), false)
10 FCPATH\index.php(79): CodeIgniter\CodeIgniter->run()
11 SYSTEMPATH\Commands\Server\rewrite.php(47): require_once('C:\\laragon\\www\\laboratory1_valdez3f1\\public\\index.php')
ERROR - 2023-09-21 13:32:59 --> mysqli_sql_exception: Duplicate entry '0' for key 'table_products.PRIMARY' in C:\laragon\www\laboratory1_valdez3f1\system\Database\MySQLi\Connection.php:306
Stack trace:
#0 C:\laragon\www\laboratory1_valdez3f1\system\Database\MySQLi\Connection.php(306): mysqli->query('INSERT INTO `ta...', 0)
#1 C:\laragon\www\laboratory1_valdez3f1\system\Database\BaseConnection.php(692): CodeIgniter\Database\MySQLi\Connection->execute('INSERT INTO `ta...')
#2 C:\laragon\www\laboratory1_valdez3f1\system\Database\BaseConnection.php(606): CodeIgniter\Database\BaseConnection->simpleQuery('INSERT INTO `ta...')
#3 C:\laragon\www\laboratory1_valdez3f1\system\Database\BaseBuilder.php(2308): CodeIgniter\Database\BaseConnection->query('INSERT INTO `ta...', Array, false)
#4 C:\laragon\www\laboratory1_valdez3f1\system\Model.php(319): CodeIgniter\Database\BaseBuilder->insert()
#5 C:\laragon\www\laboratory1_valdez3f1\system\BaseModel.php(788): CodeIgniter\Model->doInsert(Array)
#6 C:\laragon\www\laboratory1_valdez3f1\system\Model.php(715): CodeIgniter\BaseModel->insert(Array, false)
#7 C:\laragon\www\laboratory1_valdez3f1\system\BaseModel.php(698): CodeIgniter\Model->insert(Array, false)
#8 C:\laragon\www\laboratory1_valdez3f1\app\Controllers\ProductController.php(29): CodeIgniter\BaseModel->save(Array)
#9 C:\laragon\www\laboratory1_valdez3f1\system\CodeIgniter.php(919): App\Controllers\ProductController->save()
#10 C:\laragon\www\laboratory1_valdez3f1\system\CodeIgniter.php(494): CodeIgniter\CodeIgniter->runController(Object(App\Controllers\ProductController))
#11 C:\laragon\www\laboratory1_valdez3f1\system\CodeIgniter.php(353): CodeIgniter\CodeIgniter->handleRequest(NULL, Object(Config\Cache), false)
#12 C:\laragon\www\laboratory1_valdez3f1\public\index.php(79): CodeIgniter\CodeIgniter->run()
#13 C:\laragon\www\laboratory1_valdez3f1\system\Commands\Server\rewrite.php(47): require_once('C:\\laragon\\www\\...')
#14 {main}
CRITICAL - 2023-09-21 13:32:59 --> Duplicate entry '0' for key 'table_products.PRIMARY'
in SYSTEMPATH\Database\BaseConnection.php on line 646.
 1 SYSTEMPATH\Database\BaseBuilder.php(2308): CodeIgniter\Database\BaseConnection->query('INSERT INTO `table_products` (`ProductName`, `ProductDescription`, `ProductCategory`, `ProductQuantity`, `ProductPrice`) VALUES (:ProductName:, :ProductDescription:, :ProductCategory:, :ProductQuantity:, :ProductPrice:)', [...], false)
 2 SYSTEMPATH\Model.php(319): CodeIgniter\Database\BaseBuilder->insert()
 3 SYSTEMPATH\BaseModel.php(788): CodeIgniter\Model->doInsert([...])
 4 SYSTEMPATH\Model.php(715): CodeIgniter\BaseModel->insert([...], false)
 5 SYSTEMPATH\BaseModel.php(698): CodeIgniter\Model->insert([...], false)
 6 APPPATH\Controllers\ProductController.php(29): CodeIgniter\BaseModel->save([...])
 7 SYSTEMPATH\CodeIgniter.php(919): App\Controllers\ProductController->save()
 8 SYSTEMPATH\CodeIgniter.php(494): CodeIgniter\CodeIgniter->runController(Object(App\Controllers\ProductController))
 9 SYSTEMPATH\CodeIgniter.php(353): CodeIgniter\CodeIgniter->handleRequest(null, Object(Config\Cache), false)
10 FCPATH\index.php(79): CodeIgniter\CodeIgniter->run()
11 SYSTEMPATH\Commands\Server\rewrite.php(47): require_once('C:\\laragon\\www\\laboratory1_valdez3f1\\public\\index.php')
ERROR - 2023-09-21 13:33:15 --> mysqli_sql_exception: Duplicate entry '0' for key 'table_products.PRIMARY' in C:\laragon\www\laboratory1_valdez3f1\system\Database\MySQLi\Connection.php:306
Stack trace:
#0 C:\laragon\www\laboratory1_valdez3f1\system\Database\MySQLi\Connection.php(306): mysqli->query('INSERT INTO `ta...', 0)
#1 C:\laragon\www\laboratory1_valdez3f1\system\Database\BaseConnection.php(692): CodeIgniter\Database\MySQLi\Connection->execute('INSERT INTO `ta...')
#2 C:\laragon\www\laboratory1_valdez3f1\system\Database\BaseConnection.php(606): CodeIgniter\Database\BaseConnection->simpleQuery('INSERT INTO `ta...')
#3 C:\laragon\www\laboratory1_valdez3f1\system\Database\BaseBuilder.php(2308): CodeIgniter\Database\BaseConnection->query('INSERT INTO `ta...', Array, false)
#4 C:\laragon\www\laboratory1_valdez3f1\system\Model.php(319): CodeIgniter\Database\BaseBuilder->insert()
#5 C:\laragon\www\laboratory1_valdez3f1\system\BaseModel.php(788): CodeIgniter\Model->doInsert(Array)
#6 C:\laragon\www\laboratory1_valdez3f1\system\Model.php(715): CodeIgniter\BaseModel->insert(Array, false)
#7 C:\laragon\www\laboratory1_valdez3f1\system\BaseModel.php(698): CodeIgniter\Model->insert(Array, false)
#8 C:\laragon\www\laboratory1_valdez3f1\app\Controllers\ProductController.php(29): CodeIgniter\BaseModel->save(Array)
#9 C:\laragon\www\laboratory1_valdez3f1\system\CodeIgniter.php(919): App\Controllers\ProductController->save()
#10 C:\laragon\www\laboratory1_valdez3f1\system\CodeIgniter.php(494): CodeIgniter\CodeIgniter->runController(Object(App\Controllers\ProductController))
#11 C:\laragon\www\laboratory1_valdez3f1\system\CodeIgniter.php(353): CodeIgniter\CodeIgniter->handleRequest(NULL, Object(Config\Cache), false)
#12 C:\laragon\www\laboratory1_valdez3f1\public\index.php(79): CodeIgniter\CodeIgniter->run()
#13 C:\laragon\www\laboratory1_valdez3f1\system\Commands\Server\rewrite.php(47): require_once('C:\\laragon\\www\\...')
#14 {main}
CRITICAL - 2023-09-21 13:33:15 --> Duplicate entry '0' for key 'table_products.PRIMARY'
in SYSTEMPATH\Database\BaseConnection.php on line 646.
 1 SYSTEMPATH\Database\BaseBuilder.php(2308): CodeIgniter\Database\BaseConnection->query('INSERT INTO `table_products` (`ProductName`, `ProductDescription`, `ProductCategory`, `ProductQuantity`, `ProductPrice`) VALUES (:ProductName:, :ProductDescription:, :ProductCategory:, :ProductQuantity:, :ProductPrice:)', [...], false)
 2 SYSTEMPATH\Model.php(319): CodeIgniter\Database\BaseBuilder->insert()
 3 SYSTEMPATH\BaseModel.php(788): CodeIgniter\Model->doInsert([...])
 4 SYSTEMPATH\Model.php(715): CodeIgniter\BaseModel->insert([...], false)
 5 SYSTEMPATH\BaseModel.php(698): CodeIgniter\Model->insert([...], false)
 6 APPPATH\Controllers\ProductController.php(29): CodeIgniter\BaseModel->save([...])
 7 SYSTEMPATH\CodeIgniter.php(919): App\Controllers\ProductController->save()
 8 SYSTEMPATH\CodeIgniter.php(494): CodeIgniter\CodeIgniter->runController(Object(App\Controllers\ProductController))
 9 SYSTEMPATH\CodeIgniter.php(353): CodeIgniter\CodeIgniter->handleRequest(null, Object(Config\Cache), false)
10 FCPATH\index.php(79): CodeIgniter\CodeIgniter->run()
11 SYSTEMPATH\Commands\Server\rewrite.php(47): require_once('C:\\laragon\\www\\laboratory1_valdez3f1\\public\\index.php')
ERROR - 2023-09-21 13:33:50 --> mysqli_sql_exception: Duplicate entry '0' for key 'table_products.PRIMARY' in C:\laragon\www\laboratory1_valdez3f1\system\Database\MySQLi\Connection.php:306
Stack trace:
#0 C:\laragon\www\laboratory1_valdez3f1\system\Database\MySQLi\Connection.php(306): mysqli->query('INSERT INTO `ta...', 0)
#1 C:\laragon\www\laboratory1_valdez3f1\system\Database\BaseConnection.php(692): CodeIgniter\Database\MySQLi\Connection->execute('INSERT INTO `ta...')
#2 C:\laragon\www\laboratory1_valdez3f1\system\Database\BaseConnection.php(606): CodeIgniter\Database\BaseConnection->simpleQuery('INSERT INTO `ta...')
#3 C:\laragon\www\laboratory1_valdez3f1\system\Database\BaseBuilder.php(2308): CodeIgniter\Database\BaseConnection->query('INSERT INTO `ta...', Array, false)
#4 C:\laragon\www\laboratory1_valdez3f1\system\Model.php(319): CodeIgniter\Database\BaseBuilder->insert()
#5 C:\laragon\www\laboratory1_valdez3f1\system\BaseModel.php(788): CodeIgniter\Model->doInsert(Array)
#6 C:\laragon\www\laboratory1_valdez3f1\system\Model.php(715): CodeIgniter\BaseModel->insert(Array, false)
#7 C:\laragon\www\laboratory1_valdez3f1\system\BaseModel.php(698): CodeIgniter\Model->insert(Array, false)
#8 C:\laragon\www\laboratory1_valdez3f1\app\Controllers\ProductController.php(29): CodeIgniter\BaseModel->save(Array)
#9 C:\laragon\www\laboratory1_valdez3f1\system\CodeIgniter.php(919): App\Controllers\ProductController->save()
#10 C:\laragon\www\laboratory1_valdez3f1\system\CodeIgniter.php(494): CodeIgniter\CodeIgniter->runController(Object(App\Controllers\ProductController))
#11 C:\laragon\www\laboratory1_valdez3f1\system\CodeIgniter.php(353): CodeIgniter\CodeIgniter->handleRequest(NULL, Object(Config\Cache), false)
#12 C:\laragon\www\laboratory1_valdez3f1\public\index.php(79): CodeIgniter\CodeIgniter->run()
#13 C:\laragon\www\laboratory1_valdez3f1\system\Commands\Server\rewrite.php(47): require_once('C:\\laragon\\www\\...')
#14 {main}
CRITICAL - 2023-09-21 13:33:50 --> Duplicate entry '0' for key 'table_products.PRIMARY'
in SYSTEMPATH\Database\BaseConnection.php on line 646.
 1 SYSTEMPATH\Database\BaseBuilder.php(2308): CodeIgniter\Database\BaseConnection->query('INSERT INTO `table_products` (`ProductName`, `ProductDescription`, `ProductCategory`, `ProductQuantity`, `ProductPrice`) VALUES (:ProductName:, :ProductDescription:, :ProductCategory:, :ProductQuantity:, :ProductPrice:)', [...], false)
 2 SYSTEMPATH\Model.php(319): CodeIgniter\Database\BaseBuilder->insert()
 3 SYSTEMPATH\BaseModel.php(788): CodeIgniter\Model->doInsert([...])
 4 SYSTEMPATH\Model.php(715): CodeIgniter\BaseModel->insert([...], false)
 5 SYSTEMPATH\BaseModel.php(698): CodeIgniter\Model->insert([...], false)
 6 APPPATH\Controllers\ProductController.php(29): CodeIgniter\BaseModel->save([...])
 7 SYSTEMPATH\CodeIgniter.php(919): App\Controllers\ProductController->save()
 8 SYSTEMPATH\CodeIgniter.php(494): CodeIgniter\CodeIgniter->runController(Object(App\Controllers\ProductController))
 9 SYSTEMPATH\CodeIgniter.php(353): CodeIgniter\CodeIgniter->handleRequest(null, Object(Config\Cache), false)
10 FCPATH\index.php(79): CodeIgniter\CodeIgniter->run()
11 SYSTEMPATH\Commands\Server\rewrite.php(47): require_once('C:\\laragon\\www\\laboratory1_valdez3f1\\public\\index.php')
ERROR - 2023-09-21 13:34:14 --> mysqli_sql_exception: Duplicate entry '0' for key 'table_products.PRIMARY' in C:\laragon\www\laboratory1_valdez3f1\system\Database\MySQLi\Connection.php:306
Stack trace:
#0 C:\laragon\www\laboratory1_valdez3f1\system\Database\MySQLi\Connection.php(306): mysqli->query('INSERT INTO `ta...', 0)
#1 C:\laragon\www\laboratory1_valdez3f1\system\Database\BaseConnection.php(692): CodeIgniter\Database\MySQLi\Connection->execute('INSERT INTO `ta...')
#2 C:\laragon\www\laboratory1_valdez3f1\system\Database\BaseConnection.php(606): CodeIgniter\Database\BaseConnection->simpleQuery('INSERT INTO `ta...')
#3 C:\laragon\www\laboratory1_valdez3f1\system\Database\BaseBuilder.php(2308): CodeIgniter\Database\BaseConnection->query('INSERT INTO `ta...', Array, false)
#4 C:\laragon\www\laboratory1_valdez3f1\system\Model.php(319): CodeIgniter\Database\BaseBuilder->insert()
#5 C:\laragon\www\laboratory1_valdez3f1\system\BaseModel.php(788): CodeIgniter\Model->doInsert(Array)
#6 C:\laragon\www\laboratory1_valdez3f1\system\Model.php(715): CodeIgniter\BaseModel->insert(Array, false)
#7 C:\laragon\www\laboratory1_valdez3f1\system\BaseModel.php(698): CodeIgniter\Model->insert(Array, false)
#8 C:\laragon\www\laboratory1_valdez3f1\app\Controllers\ProductController.php(29): CodeIgniter\BaseModel->save(Array)
#9 C:\laragon\www\laboratory1_valdez3f1\system\CodeIgniter.php(919): App\Controllers\ProductController->save()
#10 C:\laragon\www\laboratory1_valdez3f1\system\CodeIgniter.php(494): CodeIgniter\CodeIgniter->runController(Object(App\Controllers\ProductController))
#11 C:\laragon\www\laboratory1_valdez3f1\system\CodeIgniter.php(353): CodeIgniter\CodeIgniter->handleRequest(NULL, Object(Config\Cache), false)
#12 C:\laragon\www\laboratory1_valdez3f1\public\index.php(79): CodeIgniter\CodeIgniter->run()
#13 C:\laragon\www\laboratory1_valdez3f1\system\Commands\Server\rewrite.php(47): require_once('C:\\laragon\\www\\...')
#14 {main}
CRITICAL - 2023-09-21 13:34:14 --> Duplicate entry '0' for key 'table_products.PRIMARY'
in SYSTEMPATH\Database\BaseConnection.php on line 646.
 1 SYSTEMPATH\Database\BaseBuilder.php(2308): CodeIgniter\Database\BaseConnection->query('INSERT INTO `table_products` (`ProductName`, `ProductDescription`, `ProductCategory`, `ProductQuantity`, `ProductPrice`) VALUES (:ProductName:, :ProductDescription:, :ProductCategory:, :ProductQuantity:, :ProductPrice:)', [...], false)
 2 SYSTEMPATH\Model.php(319): CodeIgniter\Database\BaseBuilder->insert()
 3 SYSTEMPATH\BaseModel.php(788): CodeIgniter\Model->doInsert([...])
 4 SYSTEMPATH\Model.php(715): CodeIgniter\BaseModel->insert([...], false)
 5 SYSTEMPATH\BaseModel.php(698): CodeIgniter\Model->insert([...], false)
 6 APPPATH\Controllers\ProductController.php(29): CodeIgniter\BaseModel->save([...])
 7 SYSTEMPATH\CodeIgniter.php(919): App\Controllers\ProductController->save()
 8 SYSTEMPATH\CodeIgniter.php(494): CodeIgniter\CodeIgniter->runController(Object(App\Controllers\ProductController))
 9 SYSTEMPATH\CodeIgniter.php(353): CodeIgniter\CodeIgniter->handleRequest(null, Object(Config\Cache), false)
10 FCPATH\index.php(79): CodeIgniter\CodeIgniter->run()
11 SYSTEMPATH\Commands\Server\rewrite.php(47): require_once('C:\\laragon\\www\\laboratory1_valdez3f1\\public\\index.php')
